<?xml version="1.0" encoding="UTF-8"?>
<!-- Generated by org.testng.reporters.JUnitXMLReporter -->
<testsuite ignored="0" hostname="Vamshi" failures="4" tests="7" name="Test" time="113.066" errors="0" timestamp="30 Oct 2023 18:00:08 GMT">
  <testcase classname="com.qa.testscripts.TC_Login" name="login" time="7.364">
    <failure type="org.openqa.selenium.NoSuchElementException" message="An element could not be located on the page using the given search parameters.
For documentation on this error, please visit: https://www.selenium.dev/documentation/webdriver/troubleshooting/errors#no-such-element-exception
Build info: version: &amp;apos;4.10.0&amp;apos;, revision: &amp;apos;c14d967899&amp;apos;
System info: os.name: &amp;apos;Windows 11&amp;apos;, os.arch: &amp;apos;amd64&amp;apos;, os.version: &amp;apos;10.0&amp;apos;, java.version: &amp;apos;17.0.5&amp;apos;
Driver info: io.appium.java_client.android.AndroidDriver
Command: [1f35159c-a94f-4b47-a120-4ff297c0d799, findElement {using=id, value=com.studiobluelime.ecommerceapp:id/btn_mydetails}]
Capabilities {appium:app: C:\Users\chena\eclipse-work..., appium:appPackage: com.studiobluelime.ecommerc..., appium:automationName: UiAutomator2, appium:databaseEnabled: false, appium:desired: {app: C:\Users\chena\eclipse-work..., automationName: UiAutomator2, deviceName: mydevice, platformName: ANDROID}, appium:deviceApiLevel: 30, appium:deviceManufacturer: Google, appium:deviceModel: sdk_gphone_x86, appium:deviceName: emulator-5554, appium:deviceScreenDensity: 440, appium:deviceScreenSize: 1080x2280, appium:deviceUDID: emulator-5554, appium:javascriptEnabled: true, appium:locationContextEnabled: false, appium:networkConnectionEnabled: true, appium:pixelRatio: 2.75, appium:platformVersion: 11, appium:statBarHeight: 135, appium:takesScreenshot: true, appium:viewportRect: {height: 1842, left: 0, top: 135, width: 1080}, appium:warnings: {}, appium:webStorageEnabled: false, platformName: ANDROID}
Session ID: 1f35159c-a94f-4b47-a120-4ff297c0d799">
      <![CDATA[org.openqa.selenium.NoSuchElementException: An element could not be located on the page using the given search parameters.
For documentation on this error, please visit: https://www.selenium.dev/documentation/webdriver/troubleshooting/errors#no-such-element-exception
Build info: version: '4.10.0', revision: 'c14d967899'
System info: os.name: 'Windows 11', os.arch: 'amd64', os.version: '10.0', java.version: '17.0.5'
Driver info: io.appium.java_client.android.AndroidDriver
Command: [1f35159c-a94f-4b47-a120-4ff297c0d799, findElement {using=id, value=com.studiobluelime.ecommerceapp:id/btn_mydetails}]
Capabilities {appium:app: C:\Users\chena\eclipse-work..., appium:appPackage: com.studiobluelime.ecommerc..., appium:automationName: UiAutomator2, appium:databaseEnabled: false, appium:desired: {app: C:\Users\chena\eclipse-work..., automationName: UiAutomator2, deviceName: mydevice, platformName: ANDROID}, appium:deviceApiLevel: 30, appium:deviceManufacturer: Google, appium:deviceModel: sdk_gphone_x86, appium:deviceName: emulator-5554, appium:deviceScreenDensity: 440, appium:deviceScreenSize: 1080x2280, appium:deviceUDID: emulator-5554, appium:javascriptEnabled: true, appium:locationContextEnabled: false, appium:networkConnectionEnabled: true, appium:pixelRatio: 2.75, appium:platformVersion: 11, appium:statBarHeight: 135, appium:takesScreenshot: true, appium:viewportRect: {height: 1842, left: 0, top: 135, width: 1080}, appium:warnings: {}, appium:webStorageEnabled: false, platformName: ANDROID}
Session ID: 1f35159c-a94f-4b47-a120-4ff297c0d799
	at org.openqa.selenium.remote.codec.w3c.W3CHttpResponseCodec.createException(W3CHttpResponseCodec.java:199)
	at org.openqa.selenium.remote.codec.w3c.W3CHttpResponseCodec.decode(W3CHttpResponseCodec.java:132)
	at org.openqa.selenium.remote.codec.w3c.W3CHttpResponseCodec.decode(W3CHttpResponseCodec.java:51)
	at org.openqa.selenium.remote.HttpCommandExecutor.execute(HttpCommandExecutor.java:191)
	at io.appium.java_client.remote.AppiumCommandExecutor.execute(AppiumCommandExecutor.java:250)
	at org.openqa.selenium.remote.RemoteWebDriver.execute(RemoteWebDriver.java:531)
	at org.openqa.selenium.remote.ElementLocation$ElementFinder$2.findElement(ElementLocation.java:165)
	at org.openqa.selenium.remote.ElementLocation.findElement(ElementLocation.java:59)
	at org.openqa.selenium.remote.RemoteWebDriver.findElement(RemoteWebDriver.java:350)
	at org.openqa.selenium.remote.RemoteWebDriver.findElement(RemoteWebDriver.java:344)
	at org.openqa.selenium.support.pagefactory.DefaultElementLocator.findElement(DefaultElementLocator.java:68)
	at org.openqa.selenium.support.pagefactory.internal.LocatingElementHandler.invoke(LocatingElementHandler.java:38)
	at jdk.proxy2/jdk.proxy2.$Proxy19.click(Unknown Source)
	at com.qa.testscripts.TC_Login.login(TC_Login.java:37)
... Removed 30 stack frames]]>
    </failure>
  </testcase> <!-- login -->
  <testcase classname="com.qa.testscripts.TC_MenuItems" name="getMenuitems" time="2.141"/>
  <testcase classname="com.qa.testscripts.TC_Sales" name="getSales" time="3.44"/>
  <testcase classname="com.qa.testscripts.TC_Homepage" name="scroll" time="0.0">
    <failure type="org.testng.TestNGException" message="
Cannot inject @Test annotated Method [scroll] with [class java.lang.String].
For more information on native dependency injection please refer to http://testng.org/doc/documentation-main.html#native-dependency-injection">
      <![CDATA[org.testng.TestNGException: 
Cannot inject @Test annotated Method [scroll] with [class java.lang.String].
For more information on native dependency injection please refer to http://testng.org/doc/documentation-main.html#native-dependency-injection
... Removed 24 stack frames]]>
    </failure>
  </testcase> <!-- scroll -->
  <testcase classname="com.qa.testscripts.TC_AddtoCart" name="additemtocart" time="6.299">
    <failure type="org.openqa.selenium.InvalidSelectorException" message="org.eclipse.wst.xml.xpath2.processor.XPathParserException: CUP parser error: Parser error: line 1 col 20: 
For documentation on this error, please visit: https://www.selenium.dev/documentation/webdriver/troubleshooting/errors#invalid-selector-exception
Build info: version: &amp;apos;4.10.0&amp;apos;, revision: &amp;apos;c14d967899&amp;apos;
System info: os.name: &amp;apos;Windows 11&amp;apos;, os.arch: &amp;apos;amd64&amp;apos;, os.version: &amp;apos;10.0&amp;apos;, java.version: &amp;apos;17.0.5&amp;apos;
Driver info: io.appium.java_client.android.AndroidDriver
Command: [2ef673e9-a07e-49ab-9c9a-4cf860a4fa25, findElement {using=xpath, value=//*[@text=&amp;apos;Mobiles&amp;apos;}]
Capabilities {appium:app: C:\Users\chena\eclipse-work..., appium:appPackage: com.studiobluelime.ecommerc..., appium:automationName: UiAutomator2, appium:databaseEnabled: false, appium:desired: {app: C:\Users\chena\eclipse-work..., automationName: UiAutomator2, deviceName: mydevice, platformName: ANDROID}, appium:deviceApiLevel: 30, appium:deviceManufacturer: Google, appium:deviceModel: sdk_gphone_x86, appium:deviceName: emulator-5554, appium:deviceScreenDensity: 440, appium:deviceScreenSize: 1080x2280, appium:deviceUDID: emulator-5554, appium:javascriptEnabled: true, appium:locationContextEnabled: false, appium:networkConnectionEnabled: true, appium:pixelRatio: 2.75, appium:platformVersion: 11, appium:statBarHeight: 135, appium:takesScreenshot: true, appium:viewportRect: {height: 1842, left: 0, top: 135, width: 1080}, appium:warnings: {}, appium:webStorageEnabled: false, platformName: ANDROID}
Session ID: 2ef673e9-a07e-49ab-9c9a-4cf860a4fa25">
      <![CDATA[org.openqa.selenium.InvalidSelectorException: org.eclipse.wst.xml.xpath2.processor.XPathParserException: CUP parser error: Parser error: line 1 col 20: 
For documentation on this error, please visit: https://www.selenium.dev/documentation/webdriver/troubleshooting/errors#invalid-selector-exception
Build info: version: '4.10.0', revision: 'c14d967899'
System info: os.name: 'Windows 11', os.arch: 'amd64', os.version: '10.0', java.version: '17.0.5'
Driver info: io.appium.java_client.android.AndroidDriver
Command: [2ef673e9-a07e-49ab-9c9a-4cf860a4fa25, findElement {using=xpath, value=//*[@text='Mobiles'}]
Capabilities {appium:app: C:\Users\chena\eclipse-work..., appium:appPackage: com.studiobluelime.ecommerc..., appium:automationName: UiAutomator2, appium:databaseEnabled: false, appium:desired: {app: C:\Users\chena\eclipse-work..., automationName: UiAutomator2, deviceName: mydevice, platformName: ANDROID}, appium:deviceApiLevel: 30, appium:deviceManufacturer: Google, appium:deviceModel: sdk_gphone_x86, appium:deviceName: emulator-5554, appium:deviceScreenDensity: 440, appium:deviceScreenSize: 1080x2280, appium:deviceUDID: emulator-5554, appium:javascriptEnabled: true, appium:locationContextEnabled: false, appium:networkConnectionEnabled: true, appium:pixelRatio: 2.75, appium:platformVersion: 11, appium:statBarHeight: 135, appium:takesScreenshot: true, appium:viewportRect: {height: 1842, left: 0, top: 135, width: 1080}, appium:warnings: {}, appium:webStorageEnabled: false, platformName: ANDROID}
Session ID: 2ef673e9-a07e-49ab-9c9a-4cf860a4fa25
	at org.openqa.selenium.remote.codec.w3c.W3CHttpResponseCodec.createException(W3CHttpResponseCodec.java:199)
	at org.openqa.selenium.remote.codec.w3c.W3CHttpResponseCodec.decode(W3CHttpResponseCodec.java:132)
	at org.openqa.selenium.remote.codec.w3c.W3CHttpResponseCodec.decode(W3CHttpResponseCodec.java:51)
	at org.openqa.selenium.remote.HttpCommandExecutor.execute(HttpCommandExecutor.java:191)
	at io.appium.java_client.remote.AppiumCommandExecutor.execute(AppiumCommandExecutor.java:250)
	at org.openqa.selenium.remote.RemoteWebDriver.execute(RemoteWebDriver.java:531)
	at org.openqa.selenium.remote.ElementLocation$ElementFinder$2.findElement(ElementLocation.java:165)
	at org.openqa.selenium.remote.ElementLocation.findElement(ElementLocation.java:59)
	at org.openqa.selenium.remote.RemoteWebDriver.findElement(RemoteWebDriver.java:350)
	at org.openqa.selenium.remote.RemoteWebDriver.findElement(RemoteWebDriver.java:344)
	at org.openqa.selenium.support.pagefactory.DefaultElementLocator.findElement(DefaultElementLocator.java:68)
	at org.openqa.selenium.support.pagefactory.internal.LocatingElementHandler.invoke(LocatingElementHandler.java:38)
	at jdk.proxy2/jdk.proxy2.$Proxy19.click(Unknown Source)
	at com.qa.testscripts.TC_AddtoCart.additemtocart(TC_AddtoCart.java:15)
... Removed 30 stack frames]]>
    </failure>
  </testcase> <!-- additemtocart -->
  <testcase classname="com.qa.testscripts.TC_NewArrivals" name="getnewarrivals" time="2.219"/>
  <testcase classname="com.qa.testscripts.TC_Register" name="register" time="11.027">
    <failure type="org.openqa.selenium.NoSuchElementException" message="An element could not be located on the page using the given search parameters.
For documentation on this error, please visit: https://www.selenium.dev/documentation/webdriver/troubleshooting/errors#no-such-element-exception
Build info: version: &amp;apos;4.10.0&amp;apos;, revision: &amp;apos;c14d967899&amp;apos;
System info: os.name: &amp;apos;Windows 11&amp;apos;, os.arch: &amp;apos;amd64&amp;apos;, os.version: &amp;apos;10.0&amp;apos;, java.version: &amp;apos;17.0.5&amp;apos;
Driver info: io.appium.java_client.android.AndroidDriver
Command: [d8d8ee2f-aebc-46d2-8bcb-7b7a54bb8ef2, findElement {using=id, value=com.studiobluelime.ecommerceapp:id/btn_mydetails}]
Capabilities {appium:app: C:\Users\chena\eclipse-work..., appium:appPackage: com.studiobluelime.ecommerc..., appium:automationName: UiAutomator2, appium:databaseEnabled: false, appium:desired: {app: C:\Users\chena\eclipse-work..., automationName: UiAutomator2, deviceName: mydevice, platformName: ANDROID}, appium:deviceApiLevel: 30, appium:deviceManufacturer: Google, appium:deviceModel: sdk_gphone_x86, appium:deviceName: emulator-5554, appium:deviceScreenDensity: 440, appium:deviceScreenSize: 1080x2280, appium:deviceUDID: emulator-5554, appium:javascriptEnabled: true, appium:locationContextEnabled: false, appium:networkConnectionEnabled: true, appium:pixelRatio: 2.75, appium:platformVersion: 11, appium:statBarHeight: 135, appium:takesScreenshot: true, appium:viewportRect: {height: 1842, left: 0, top: 135, width: 1080}, appium:warnings: {}, appium:webStorageEnabled: false, platformName: ANDROID}
Session ID: d8d8ee2f-aebc-46d2-8bcb-7b7a54bb8ef2">
      <![CDATA[org.openqa.selenium.NoSuchElementException: An element could not be located on the page using the given search parameters.
For documentation on this error, please visit: https://www.selenium.dev/documentation/webdriver/troubleshooting/errors#no-such-element-exception
Build info: version: '4.10.0', revision: 'c14d967899'
System info: os.name: 'Windows 11', os.arch: 'amd64', os.version: '10.0', java.version: '17.0.5'
Driver info: io.appium.java_client.android.AndroidDriver
Command: [d8d8ee2f-aebc-46d2-8bcb-7b7a54bb8ef2, findElement {using=id, value=com.studiobluelime.ecommerceapp:id/btn_mydetails}]
Capabilities {appium:app: C:\Users\chena\eclipse-work..., appium:appPackage: com.studiobluelime.ecommerc..., appium:automationName: UiAutomator2, appium:databaseEnabled: false, appium:desired: {app: C:\Users\chena\eclipse-work..., automationName: UiAutomator2, deviceName: mydevice, platformName: ANDROID}, appium:deviceApiLevel: 30, appium:deviceManufacturer: Google, appium:deviceModel: sdk_gphone_x86, appium:deviceName: emulator-5554, appium:deviceScreenDensity: 440, appium:deviceScreenSize: 1080x2280, appium:deviceUDID: emulator-5554, appium:javascriptEnabled: true, appium:locationContextEnabled: false, appium:networkConnectionEnabled: true, appium:pixelRatio: 2.75, appium:platformVersion: 11, appium:statBarHeight: 135, appium:takesScreenshot: true, appium:viewportRect: {height: 1842, left: 0, top: 135, width: 1080}, appium:warnings: {}, appium:webStorageEnabled: false, platformName: ANDROID}
Session ID: d8d8ee2f-aebc-46d2-8bcb-7b7a54bb8ef2
	at org.openqa.selenium.remote.codec.w3c.W3CHttpResponseCodec.createException(W3CHttpResponseCodec.java:199)
	at org.openqa.selenium.remote.codec.w3c.W3CHttpResponseCodec.decode(W3CHttpResponseCodec.java:132)
	at org.openqa.selenium.remote.codec.w3c.W3CHttpResponseCodec.decode(W3CHttpResponseCodec.java:51)
	at org.openqa.selenium.remote.HttpCommandExecutor.execute(HttpCommandExecutor.java:191)
	at io.appium.java_client.remote.AppiumCommandExecutor.execute(AppiumCommandExecutor.java:250)
	at org.openqa.selenium.remote.RemoteWebDriver.execute(RemoteWebDriver.java:531)
	at org.openqa.selenium.remote.ElementLocation$ElementFinder$2.findElement(ElementLocation.java:165)
	at org.openqa.selenium.remote.ElementLocation.findElement(ElementLocation.java:59)
	at org.openqa.selenium.remote.RemoteWebDriver.findElement(RemoteWebDriver.java:350)
	at org.openqa.selenium.remote.RemoteWebDriver.findElement(RemoteWebDriver.java:344)
	at org.openqa.selenium.support.pagefactory.DefaultElementLocator.findElement(DefaultElementLocator.java:68)
	at org.openqa.selenium.support.pagefactory.internal.LocatingElementHandler.invoke(LocatingElementHandler.java:38)
	at jdk.proxy2/jdk.proxy2.$Proxy19.click(Unknown Source)
	at com.qa.testscripts.TC_Register.register(TC_Register.java:47)
... Removed 30 stack frames]]>
    </failure>
  </testcase> <!-- register -->
</testsuite> <!-- Test -->
